{"level":"info","message":"Navigating to the Website","timestamp":"2016-05-06T17:07:17.568Z"}
{"level":"info","message":"Clicked login button","timestamp":"2016-05-06T17:07:17.574Z"}
{"level":"info","message":"Navigating out of the Window to another Window Tab","timestamp":"2016-05-06T17:07:25.653Z"}
{"level":"info","message":"Clicked Apply Now button","timestamp":"2016-05-06T17:07:25.670Z"}
{"level":"info","message":"Navigating to the 3rd Window","timestamp":"2016-05-06T17:07:34.136Z"}
{"level":"info","message":"Navigating back to the original window","timestamp":"2016-05-06T17:07:39.393Z"}
{"level":"info","message":"Navigating to the Website","timestamp":"2016-05-06T17:41:46.959Z"}
{"level":"info","message":"Clicked login button","timestamp":"2016-05-06T17:41:46.965Z"}
{"level":"info","message":"Navigating out of the Window to another Window Tab","timestamp":"2016-05-06T17:42:00.743Z"}
{"level":"info","message":"Clicked Apply Now button","timestamp":"2016-05-06T17:42:00.758Z"}
{"level":"info","message":"Navigating to the 3rd Window","timestamp":"2016-05-06T17:42:09.134Z"}
{"level":"info","message":"Navigating to the Website","timestamp":"2016-05-06T17:55:34.484Z"}
{"level":"info","message":"Clicked login button","timestamp":"2016-05-06T17:55:34.490Z"}
{"level":"info","message":"Navigating out of the Window to another Window Tab","timestamp":"2016-05-06T17:55:42.220Z"}
{"level":"info","message":"Clicked Apply Now button","timestamp":"2016-05-06T17:55:42.242Z"}
{"level":"info","message":"Navigating to the 3rd Window","timestamp":"2016-05-06T17:55:50.633Z"}
{"level":"info","message":"Navigating to the Website","timestamp":"2016-05-09T08:43:00.584Z"}
{"level":"info","message":"Clicked login button","timestamp":"2016-05-09T08:43:00.591Z"}
{"level":"info","message":"Navigating to the Website","timestamp":"2016-05-09T08:44:33.229Z"}
{"level":"info","message":"Clicked login button","timestamp":"2016-05-09T08:44:33.236Z"}
{"level":"info","message":"Navigating to the Website","timestamp":"2016-05-09T08:48:49.880Z"}
{"level":"info","message":"Clicked login button","timestamp":"2016-05-09T08:48:49.886Z"}
{"level":"info","message":"Navigating out of the Window to another Window Tab","timestamp":"2016-05-09T08:48:58.020Z"}
{"level":"info","message":"Clicked Apply Now button","timestamp":"2016-05-09T08:48:58.049Z"}
{"level":"info","message":"Navigating to the 3rd Window","timestamp":"2016-05-09T08:49:06.406Z"}
{"level":"info","message":"Navigating to the Website","timestamp":"2016-05-09T09:08:11.846Z"}
{"level":"info","message":"Clicked login button","timestamp":"2016-05-09T09:08:11.853Z"}
{"level":"info","message":"Navigating to the Website","timestamp":"2016-05-09T09:10:18.964Z"}
{"level":"info","message":"Clicked login button","timestamp":"2016-05-09T09:10:18.971Z"}
{"level":"info","message":"Navigating out of the Window to another Window Tab","timestamp":"2016-05-09T09:10:25.797Z"}
{"level":"info","message":"Clicked Apply Now button","timestamp":"2016-05-09T09:10:25.822Z"}
{"level":"info","message":"Navigating to the 3rd Window","timestamp":"2016-05-09T09:10:33.747Z"}
{"level":"info","message":"Navigating to the Website","timestamp":"2016-05-09T09:16:52.773Z"}
{"level":"info","message":"Clicked login button","timestamp":"2016-05-09T09:16:52.780Z"}
{"level":"info","message":"Navigating to the Website","timestamp":"2016-05-09T15:00:10.674Z"}
{"level":"info","message":"Clicked login button","timestamp":"2016-05-09T15:00:10.681Z"}
{"level":"info","message":"Navigating to the Website","timestamp":"2016-05-09T15:00:30.403Z"}
{"level":"info","message":"Clicked login button","timestamp":"2016-05-09T15:00:30.410Z"}
{"level":"info","message":"Navigating out of the Window to another Window Tab","timestamp":"2016-05-09T15:00:36.833Z"}
{"level":"info","message":"Clicked Apply Now button","timestamp":"2016-05-09T15:00:36.855Z"}
{"level":"info","message":"Navigating to the 3rd Window","timestamp":"2016-05-09T15:00:44.850Z"}
{"level":"info","message":"Navigating to the Website","timestamp":"2016-05-09T15:04:17.738Z"}
{"level":"info","message":"Clicked login button","timestamp":"2016-05-09T15:04:17.745Z"}
{"level":"info","message":"Navigating to the Website","timestamp":"2016-05-09T15:04:32.851Z"}
{"level":"info","message":"Clicked login button","timestamp":"2016-05-09T15:04:32.858Z"}
{"level":"info","message":"Navigating out of the Window to another Window Tab","timestamp":"2016-05-09T15:04:38.825Z"}
{"level":"info","message":"Clicked Apply Now button","timestamp":"2016-05-09T15:04:38.849Z"}
{"level":"info","message":"Navigating to the 3rd Window","timestamp":"2016-05-09T15:04:46.091Z"}
{"level":"info","message":"Navigating to the Website","timestamp":"2016-05-09T15:09:38.902Z"}
{"level":"info","message":"Clicked login button","timestamp":"2016-05-09T15:09:38.909Z"}
{"level":"info","message":"Navigating out of the Window to another Window Tab","timestamp":"2016-05-09T15:09:46.805Z"}
{"level":"info","message":"Clicked Apply Now button","timestamp":"2016-05-09T15:09:46.827Z"}
{"level":"info","message":"Navigating to the 3rd Window","timestamp":"2016-05-09T15:09:55.044Z"}
{"level":"info","message":"Navigating to the Website","timestamp":"2016-05-09T15:14:23.505Z"}
{"level":"info","message":"Clicked login button","timestamp":"2016-05-09T15:14:23.512Z"}
{"level":"info","message":"Navigating out of the Window to another Window Tab","timestamp":"2016-05-09T15:14:30.026Z"}
{"level":"info","message":"Clicked Apply Now button","timestamp":"2016-05-09T15:14:30.051Z"}
{"level":"info","message":"Navigating to the 3rd Window","timestamp":"2016-05-09T15:14:37.301Z"}
{"level":"info","message":"Navigating back to the original window","timestamp":"2016-05-09T15:14:42.574Z"}
{"level":"info","message":"Navigating to the Website","timestamp":"2016-05-09T15:16:50.873Z"}
{"level":"info","message":"Clicked login button","timestamp":"2016-05-09T15:16:50.880Z"}
{"level":"info","message":"Navigating out of the Window to another Window Tab","timestamp":"2016-05-09T15:16:57.721Z"}
{"level":"info","message":"Clicked Apply Now button","timestamp":"2016-05-09T15:16:57.743Z"}
{"level":"info","message":"Navigating to the 3rd Window","timestamp":"2016-05-09T15:17:05.539Z"}
{"level":"info","message":"Navigating back to the original window","timestamp":"2016-05-09T15:17:10.820Z"}
{"level":"info","message":"Navigating to the Website","timestamp":"2016-05-09T15:29:06.215Z"}
{"level":"info","message":"Clicked login button","timestamp":"2016-05-09T15:29:06.222Z"}
{"level":"info","message":"Navigating out of the Window to another Window Tab","timestamp":"2016-05-09T15:29:13.113Z"}
{"level":"info","message":"Clicked Apply Now button","timestamp":"2016-05-09T15:29:13.136Z"}
{"level":"info","message":"Navigating to the 3rd Window","timestamp":"2016-05-09T15:29:21.778Z"}
{"level":"info","message":"Navigating back to the original window","timestamp":"2016-05-09T15:29:27.051Z"}
{"level":"info","message":"Navigating to the Website","timestamp":"2016-05-09T15:30:27.643Z"}
{"level":"info","message":"Clicked login button","timestamp":"2016-05-09T15:30:27.650Z"}
{"level":"info","message":"Navigating out of the Window to another Window Tab","timestamp":"2016-05-09T15:30:34.239Z"}
{"level":"info","message":"Clicked Apply Now button","timestamp":"2016-05-09T15:30:34.261Z"}
{"level":"info","message":"Navigating to the 3rd Window","timestamp":"2016-05-09T15:30:42.052Z"}
{"level":"info","message":"Navigating back to the original window","timestamp":"2016-05-09T15:30:47.318Z"}
{"level":"info","message":"Navigating to the Website","timestamp":"2016-05-09T15:41:29.769Z"}
{"level":"info","message":"Clicked login button","timestamp":"2016-05-09T15:41:29.776Z"}
{"level":"info","message":"Navigating out of the Window to another Window Tab","timestamp":"2016-05-09T15:41:37.111Z"}
{"level":"info","message":"Clicked Apply Now button","timestamp":"2016-05-09T15:41:37.145Z"}
{"level":"info","message":"Navigating to the 3rd Window","timestamp":"2016-05-09T15:41:45.126Z"}
{"level":"info","message":"Navigating back to the original window","timestamp":"2016-05-09T15:41:50.393Z"}
{"level":"info","message":"Successfully logged in to Remita App","timestamp":"2016-05-10T15:49:01.891Z"}
{"level":"info","message":"Successfully logged in to Remita App","timestamp":"2016-05-10T15:51:48.574Z"}
{"level":"info","message":"Successfully logged in to Remita App","timestamp":"2016-05-10T15:52:21.765Z"}
{"level":"info","message":"Successfully logged in to Remita App","timestamp":"2016-05-10T16:03:49.980Z"}
{"level":"info","message":"Successfully logged in to Remita App","timestamp":"2016-05-10T16:05:13.094Z"}
{"level":"info","message":"Successfully logged in to Remita App","timestamp":"2016-05-10T16:05:47.594Z"}
{"level":"info","message":"Successfully logged in to Remita App","timestamp":"2016-05-10T16:58:59.827Z"}
{"level":"info","message":"Successfully logged in to Remita App","timestamp":"2016-05-10T17:01:12.115Z"}
{"level":"info","message":"Successfully logged in to Remita App","timestamp":"2016-05-10T17:06:21.059Z"}
{"level":"info","message":"Successfully logged in to Remita App","timestamp":"2016-05-10T17:19:05.587Z"}
{"level":"info","message":"Successfully logged in to Remita App","timestamp":"2016-05-10T17:21:27.532Z"}
{"level":"info","message":"Successfully logged in to Remita App","timestamp":"2016-05-10T17:25:27.334Z"}
{"level":"info","message":"Successfully logged in to Remita App","timestamp":"2016-05-10T17:27:11.332Z"}
{"level":"info","message":"Successfully logged in to Remita App","timestamp":"2016-05-10T17:29:22.619Z"}
{"level":"info","message":"Successfully logged in to Remita App","timestamp":"2016-05-10T17:31:14.212Z"}
{"level":"info","message":"Successfully logged in to Remita App","timestamp":"2016-05-10T17:32:46.338Z"}
{"level":"info","message":"Successfully logged in to Remita App","timestamp":"2016-05-10T17:37:33.937Z"}
{"level":"info","message":"Successfully logged in to Remita App","timestamp":"2016-05-10T17:38:55.160Z"}
{"level":"info","message":"Successfully logged in to Remita App","timestamp":"2016-05-10T17:54:56.205Z"}
{"level":"info","message":"Successfully logged in to Remita App","timestamp":"2016-05-10T17:56:11.261Z"}
{"level":"info","message":"Successfully logged in to Remita App","timestamp":"2016-05-10T18:00:04.957Z"}
{"level":"info","message":"Successfully logged in to Remita App","timestamp":"2016-05-11T09:56:33.314Z"}
{"level":"info","message":"Successfully logged in to Remita App","timestamp":"2016-05-11T09:57:54.522Z"}
{"level":"info","message":"Successfully logged in to Remita App","timestamp":"2016-05-11T10:00:31.328Z"}
{"level":"info","message":"Successfully logged in to Remita App","timestamp":"2016-05-11T10:03:22.712Z"}
{"level":"info","message":"Successfully logged in to Remita App","timestamp":"2016-05-11T10:33:00.243Z"}
{"level":"info","message":"Successfully logged in to Remita App","timestamp":"2016-05-11T10:33:47.149Z"}
{"level":"info","message":"Successfully logged in to Remita App","timestamp":"2016-05-11T10:43:25.466Z"}
{"level":"info","message":"Successfully logged in to Remita App","timestamp":"2016-05-11T10:43:57.145Z"}
{"level":"info","message":"Successfully logged in to Remita App","timestamp":"2016-05-11T10:44:26.287Z"}
{"level":"info","message":"Successfully logged in to Remita App","timestamp":"2016-05-11T10:49:24.280Z"}
{"level":"info","message":"Successfully logged in to Remita App","timestamp":"2016-05-11T10:50:07.617Z"}
{"level":"info","message":"Successfully logged in to Remita App","timestamp":"2016-05-11T10:50:28.765Z"}
{"level":"info","message":"Successfully logged in to Remita App","timestamp":"2016-05-11T10:54:49.474Z"}
{"level":"info","message":"Successfully logged in to Remita App","timestamp":"2016-05-11T11:01:03.219Z"}
{"level":"info","message":"Successfully logged in to Remita App","timestamp":"2016-05-11T11:07:24.480Z"}
{"level":"info","message":"Successfully logged in to Remita App","timestamp":"2016-05-11T11:11:12.958Z"}
{"level":"info","message":"Successfully logged in to Remita App","timestamp":"2016-05-11T11:13:32.747Z"}
{"level":"info","message":"Successfully logged in to Remita App","timestamp":"2016-05-11T11:25:11.788Z"}
{"level":"info","message":"Successfully logged in to Remita App","timestamp":"2016-05-11T11:41:21.881Z"}
{"level":"info","message":"Successfully logged in to Remita App","timestamp":"2016-05-11T11:45:35.525Z"}
{"level":"info","message":"Successfully logged in to Remita App","timestamp":"2016-05-11T11:50:21.333Z"}
{"level":"info","message":"Successfully logged in to Remita App","timestamp":"2016-05-11T11:51:37.509Z"}
{"level":"info","message":"Successfully logged in to Remita App","timestamp":"2016-05-11T11:51:54.591Z"}
{"level":"info","message":"Successfully logged in to Remita App","timestamp":"2016-05-11T11:53:16.314Z"}
{"level":"info","message":"Successfully logged in to Remita App","timestamp":"2016-05-11T11:53:26.487Z"}
{"level":"info","message":"Successfully logged in to Remita App","timestamp":"2016-05-11T11:55:40.468Z"}
{"level":"info","message":"Successfully logged in to Remita App","timestamp":"2016-05-11T11:56:18.794Z"}
{"level":"info","message":"Successfully logged in to Remita App","timestamp":"2016-05-11T12:02:35.930Z"}
{"level":"info","message":"Successfully logged in to Remita App","timestamp":"2016-05-11T12:03:11.980Z"}
{"level":"info","message":"Successfully logged in to Remita App","timestamp":"2016-05-11T12:04:08.092Z"}
{"level":"info","message":"Successfully logged in to Remita App","timestamp":"2016-05-11T12:04:24.039Z"}
{"level":"info","message":"Successfully logged in to Remita App","timestamp":"2016-05-11T12:05:43.008Z"}
{"level":"info","message":"Successfully logged in to Remita App","timestamp":"2016-05-11T12:11:08.255Z"}
{"level":"info","message":"Successfully logged in to Remita App","timestamp":"2016-05-11T12:14:45.922Z"}
{"level":"info","message":"Successfully logged in to Remita App","timestamp":"2016-05-11T12:36:03.420Z"}
{"level":"info","message":"Successfully logged in to Remita App","timestamp":"2016-05-11T12:36:51.412Z"}
{"level":"info","message":"Successfully logged in to Remita App","timestamp":"2016-05-11T12:37:29.900Z"}
{"level":"info","message":"Successfully logged in to Remita App","timestamp":"2016-05-11T12:38:17.989Z"}
{"level":"info","message":"Successfully logged in to Remita App","timestamp":"2016-05-11T13:46:07.675Z"}
{"level":"info","message":"Successfully logged in to Remita App","timestamp":"2016-05-11T13:48:08.312Z"}
{"level":"info","message":"Successfully logged in to Remita App","timestamp":"2016-05-11T13:50:15.603Z"}
{"level":"info","message":"Successfully logged in to Remita App","timestamp":"2016-05-11T13:50:58.156Z"}
{"level":"info","message":"Successfully logged in to Remita App","timestamp":"2016-05-11T13:52:51.922Z"}
{"level":"info","message":"Successfully logged in to Remita App","timestamp":"2016-05-11T14:00:11.605Z"}
{"level":"info","message":"Successfully logged in to Remita App","timestamp":"2016-05-11T14:00:48.170Z"}
{"level":"info","message":"Successfully logged in to Remita App","timestamp":"2016-05-11T14:05:27.069Z"}
{"level":"info","message":"Successfully logged in to Remita App","timestamp":"2016-05-11T14:06:31.807Z"}
{"level":"info","message":"Successfully logged in to Remita App","timestamp":"2016-05-11T14:17:59.457Z"}
{"level":"info","message":"Successfully logged in to Remita App","timestamp":"2016-05-11T14:18:10.358Z"}
{"level":"info","message":"Successfully logged in to Remita App","timestamp":"2016-05-11T14:21:11.550Z"}
{"level":"info","message":"Successfully logged in to Remita App","timestamp":"2016-05-11T14:21:21.775Z"}
{"level":"info","message":"Successfully logged in to Remita App","timestamp":"2016-05-11T14:29:58.907Z"}
{"level":"info","message":"Successfully logged in to Remita App","timestamp":"2016-05-11T14:36:16.675Z"}
{"level":"info","message":"Successfully logged in to Remita App","timestamp":"2016-05-11T14:37:48.936Z"}
{"level":"info","message":"Successfully logged in to Remita App","timestamp":"2016-05-11T14:39:13.918Z"}
{"level":"info","message":"Successfully logged in to Remita App","timestamp":"2016-05-11T15:26:30.852Z"}
{"level":"info","message":"Successfully logged in to Remita App","timestamp":"2016-05-11T15:26:58.437Z"}
{"level":"info","message":"Successfully logged in to Remita App","timestamp":"2016-05-11T15:29:20.627Z"}
{"level":"info","message":"Successfully logged in to Remita App","timestamp":"2016-05-11T15:31:16.665Z"}
{"level":"info","message":"Successfully logged in to Remita App","timestamp":"2016-05-11T15:36:48.427Z"}
{"level":"info","message":"Successfully logged in to Remita App","timestamp":"2016-05-11T16:13:53.676Z"}
{"level":"info","message":"Successfully logged in to Remita App","timestamp":"2016-05-11T16:16:25.213Z"}
{"level":"info","message":"Successfully logged in to Remita App","timestamp":"2016-05-11T16:18:42.879Z"}
{"level":"info","message":"Successfully logged in to Remita App","timestamp":"2016-05-11T16:59:21.766Z"}
{"level":"info","message":"Successfully logged in to Remita App","timestamp":"2016-05-11T17:09:18.046Z"}
{"level":"info","message":"Successfully logged in to Remita App","timestamp":"2016-05-11T17:30:02.384Z"}
{"level":"info","message":"Successfully logged in to Remita App","timestamp":"2016-05-11T18:07:50.094Z"}
{"level":"info","message":"Successfully logged in to Remita App","timestamp":"2016-05-11T18:11:48.262Z"}
{"level":"info","message":"Successfully logged in to Remita App","timestamp":"2016-05-11T18:15:09.362Z"}
{"level":"info","message":"Successfully logged in to Remita App","timestamp":"2016-05-12T07:25:53.441Z"}
{"level":"info","message":"Successfully logged in to Remita App","timestamp":"2016-05-12T07:34:08.708Z"}
{"level":"info","message":"Successfully logged in to Remita App","timestamp":"2016-05-12T07:47:00.519Z"}
{"level":"info","message":"Successfully logged in to Remita App","timestamp":"2016-05-12T09:37:29.396Z"}
{"level":"info","message":"Successfully logged in to Remita App","timestamp":"2016-05-12T09:37:56.641Z"}
{"level":"info","message":"Successfully logged in to Remita App","timestamp":"2016-05-12T09:44:30.899Z"}
{"level":"info","message":"Successfully logged in to Remita App","timestamp":"2016-05-12T09:50:53.833Z"}
{"level":"info","message":"Successfully logged in to Remita App","timestamp":"2016-05-12T09:59:35.520Z"}
{"level":"info","message":"Successfully logged in to Remita App","timestamp":"2016-05-12T10:15:41.190Z"}
{"level":"info","message":"Successfully logged in to Remita App","timestamp":"2016-05-12T10:52:08.218Z"}
{"level":"info","message":"Successfully logged in to Remita App","timestamp":"2016-05-12T14:44:04.759Z"}
{"level":"info","message":"Successfully logged in to Remita App","timestamp":"2016-05-12T14:58:44.005Z"}
{"level":"info","message":"Successfully logged in to Remita App","timestamp":"2016-05-12T15:21:30.603Z"}
{"level":"info","message":"Successfully logged in to Remita App","timestamp":"2016-05-12T15:22:53.693Z"}
{"level":"info","message":"Successfully logged in to Remita App","timestamp":"2016-05-12T15:29:09.683Z"}
{"level":"info","message":"Successfully logged in to Remita App","timestamp":"2016-05-12T15:30:53.689Z"}
{"level":"info","message":"Successfully logged in to Remita App","timestamp":"2016-05-12T16:55:30.987Z"}
{"level":"info","message":"Successfully logged in to Remita App","timestamp":"2016-05-13T12:14:31.972Z"}
{"level":"info","message":"Successfully logged in to Remita App","timestamp":"2016-05-13T12:19:28.304Z"}
{"level":"info","message":"Successfully logged in to Remita App","timestamp":"2016-05-13T12:34:16.295Z"}
{"level":"info","message":"Successfully logged in to Remita App","timestamp":"2016-05-13T13:17:30.390Z"}
{"level":"info","message":"Successfully logged in to Remita App","timestamp":"2016-05-13T13:27:16.327Z"}
{"level":"info","message":"Successfully logged in to Remita App","timestamp":"2016-05-13T13:48:12.237Z"}
{"level":"info","message":"Successfully logged in to Remita App","timestamp":"2016-05-13T13:54:48.447Z"}
{"level":"info","message":"Successfully logged in to Remita App","timestamp":"2016-05-13T13:57:21.344Z"}
{"level":"info","message":"Successfully logged in to Remita App","timestamp":"2016-05-13T14:04:35.259Z"}
{"level":"info","message":"Successfully logged in to Remita App","timestamp":"2016-05-13T14:07:15.096Z"}
{"level":"info","message":"Successfully logged in to Remita App","timestamp":"2016-05-13T14:22:26.312Z"}
{"level":"info","message":"Successfully logged in to Remita App","timestamp":"2016-05-13T14:28:19.343Z"}
{"level":"info","message":"Successfully logged in to Remita App","timestamp":"2016-05-13T14:42:18.706Z"}
{"level":"info","message":"Successfully logged in to Remita App","timestamp":"2016-05-13T14:43:51.369Z"}
{"level":"info","message":"Successfully logged in to Remita App","timestamp":"2016-05-13T14:46:59.491Z"}
{"level":"info","message":"Successfully logged in to Remita App","timestamp":"2016-05-13T15:30:47.879Z"}
{"level":"info","message":"Successfully logged in to Remita App","timestamp":"2016-05-13T15:39:04.535Z"}
{"level":"info","message":"Successfully logged in to Remita App","timestamp":"2016-05-13T15:44:21.357Z"}
{"level":"info","message":"Successfully logged in to Remita App","timestamp":"2016-05-13T16:02:32.085Z"}
{"level":"info","message":"Successfully logged in to Remita App","timestamp":"2016-05-13T16:21:08.189Z"}
{"level":"info","message":"Successfully logged in to Remita App","timestamp":"2016-05-13T16:30:24.097Z"}
{"level":"info","message":"Successfully logged in to Remita App","timestamp":"2016-05-13T16:49:30.788Z"}
{"level":"info","message":"Successfully logged in to Remita App","timestamp":"2016-05-13T17:15:44.397Z"}
{"level":"info","message":"Successfully logged in to Remita App","timestamp":"2016-05-16T08:16:50.452Z"}
{"level":"info","message":"Successfully logged in to Remita App","timestamp":"2016-05-16T08:25:07.719Z"}
{"level":"info","message":"Successfully logged in to Remita App","timestamp":"2016-05-16T08:26:24.011Z"}
{"level":"info","message":"Successfully logged in to Remita App","timestamp":"2016-05-16T08:59:12.968Z"}
{"level":"info","message":"Successfully logged in to Remita App","timestamp":"2016-05-16T09:20:42.638Z"}
{"level":"info","message":"Successfully logged in to Remita App","timestamp":"2016-05-16T09:54:45.558Z"}
{"level":"info","message":"Successfully logged in to Remita App","timestamp":"2016-05-16T10:01:32.297Z"}
{"level":"info","message":"Successfully logged in to Remita App","timestamp":"2016-05-16T10:02:13.348Z"}
{"level":"info","message":"Successfully logged in to Remita App","timestamp":"2016-05-16T10:04:27.956Z"}
{"level":"info","message":"Successfully logged in to Remita App","timestamp":"2016-05-16T10:21:43.982Z"}
{"level":"info","message":"Successfully logged in to Remita App","timestamp":"2016-05-16T10:49:02.973Z"}
{"level":"info","message":"Successfully logged in to Remita App","timestamp":"2016-05-16T10:58:02.055Z"}
{"level":"info","message":"Successfully logged in to Remita App","timestamp":"2016-05-16T11:19:14.850Z"}
{"level":"info","message":"Successfully logged in to Remita App","timestamp":"2016-05-16T11:21:36.300Z"}
{"level":"info","message":"Successfully logged in to Remita App","timestamp":"2016-05-16T11:23:23.971Z"}
{"level":"info","message":"Successfully logged in to Remita App","timestamp":"2016-05-16T11:26:27.974Z"}
{"level":"info","message":"Successfully logged in to Remita App","timestamp":"2016-05-16T11:31:00.097Z"}
{"level":"info","message":"Successfully logged in to Remita App","timestamp":"2016-05-16T11:33:50.235Z"}
{"level":"info","message":"Successfully logged in to Remita App","timestamp":"2016-05-16T11:50:43.350Z"}
{"level":"info","message":"Successfully logged in to Remita App","timestamp":"2016-05-16T12:10:25.168Z"}
{"level":"info","message":"Successfully logged in to Remita App","timestamp":"2016-05-16T12:24:08.390Z"}
{"level":"info","message":"Successfully logged in to Remita App","timestamp":"2016-05-16T12:27:52.831Z"}
{"level":"info","message":"Successfully logged in to Remita App","timestamp":"2016-05-16T13:31:12.094Z"}
{"level":"info","message":"Successfully logged in to Remita App","timestamp":"2016-05-16T13:32:49.905Z"}
{"level":"info","message":"Successfully logged in to Remita App","timestamp":"2016-05-16T13:39:45.472Z"}
{"level":"info","message":"Successfully logged in to Remita App","timestamp":"2016-05-16T15:18:10.194Z"}
{"level":"info","message":"Successfully logged in to Remita App","timestamp":"2016-05-16T15:27:05.976Z"}
{"level":"info","message":"Successfully logged in to Remita App","timestamp":"2016-05-16T15:28:31.634Z"}
{"level":"info","message":"Successfully logged in to Remita App","timestamp":"2016-05-16T15:35:05.416Z"}
{"level":"info","message":"Successfully logged in to Remita App","timestamp":"2016-05-16T16:05:39.537Z"}
{"level":"info","message":"Successfully logged in to Remita App","timestamp":"2016-05-16T16:07:19.472Z"}
{"level":"info","message":"Successfully logged in to Remita App","timestamp":"2016-05-16T16:13:40.363Z"}
{"level":"info","message":"Successfully logged in to Remita App","timestamp":"2016-05-16T16:17:47.124Z"}
{"level":"info","message":"Successfully logged in to Remita App","timestamp":"2016-05-16T16:27:27.736Z"}
{"level":"info","message":"Selected the Paying Bank from drop down","timestamp":"2016-05-16T16:28:34.984Z"}
{"level":"info","message":"Inserted Collector's ancronym","timestamp":"2016-05-16T16:28:34.985Z"}
{"level":"info","message":"Selected the Collector's full name ","timestamp":"2016-05-16T16:28:34.986Z"}
{"level":"info","message":"Clicking...","timestamp":"2016-05-16T16:28:34.987Z"}
{"level":"info","message":"Successfully logged in to Remita App","timestamp":"2016-05-16T16:31:34.524Z"}
{"level":"info","message":"Selected the Paying Bank from drop down","timestamp":"2016-05-16T16:32:38.028Z"}
{"level":"info","message":"Inserted Collector's ancronym","timestamp":"2016-05-16T16:32:38.030Z"}
{"level":"info","message":"Clicking...","timestamp":"2016-05-16T16:32:38.031Z"}
{"level":"info","message":"Successfully logged in to Remita App","timestamp":"2016-05-16T16:49:59.772Z"}
{"level":"info","message":"Selected the Paying Bank from drop down","timestamp":"2016-05-16T16:51:27.474Z"}
{"level":"info","message":"Inserted Collector's ancronym","timestamp":"2016-05-16T16:51:27.476Z"}
{"level":"info","message":"Clicking...","timestamp":"2016-05-16T16:51:27.477Z"}
{"level":"info","message":"Selected the Service from drop down","timestamp":"2016-05-16T16:51:27.478Z"}
{"level":"info","message":"Successfully logged in to Remita App","timestamp":"2016-05-16T17:07:01.723Z"}
{"level":"info","message":"Successfully logged in to Remita App","timestamp":"2016-05-17T09:45:43.911Z"}
{"level":"info","message":"Successfully logged in to Remita App","timestamp":"2016-05-17T09:47:16.265Z"}
{"level":"info","message":"Successfully logged in to Remita App","timestamp":"2016-05-17T10:32:50.743Z"}
{"level":"info","message":"Successfully logged in to Remita App","timestamp":"2016-05-17T10:37:41.121Z"}
{"level":"info","message":"Successfully logged in to Remita App","timestamp":"2016-05-17T10:49:53.868Z"}
{"level":"info","message":"Successfully logged in to Remita App","timestamp":"2016-05-17T11:06:29.894Z"}
{"level":"info","message":"Successfully logged in to Remita App","timestamp":"2016-05-17T11:33:23.961Z"}
{"level":"info","message":"Successfully logged in to Remita App","timestamp":"2016-05-17T11:41:33.918Z"}
{"level":"info","message":"Successfully logged in to Remita App","timestamp":"2016-05-17T12:33:54.721Z"}
{"level":"info","message":"Successfully logged in to Remita App","timestamp":"2016-05-17T12:40:41.491Z"}
{"level":"info","message":"Successfully logged in to Remita App","timestamp":"2016-05-17T16:00:50.545Z"}
{"level":"info","message":"Successfully logged in to Remita App","timestamp":"2016-05-18T08:09:17.409Z"}
{"level":"info","message":"Successfully logged in to Remita App","timestamp":"2016-05-18T08:15:29.410Z"}
{"level":"info","message":"Successfully logged in to Remita App","timestamp":"2016-05-18T08:48:10.996Z"}
{"level":"info","message":"Successfully logged in to Remita App","timestamp":"2016-05-18T08:49:51.595Z"}
{"level":"info","message":"Successfully logged in to Remita App","timestamp":"2016-05-18T08:51:40.831Z"}
{"level":"info","message":"Successfully logged in to Remita App","timestamp":"2016-05-18T08:56:04.874Z"}
{"level":"info","message":"Successfully logged in to Remita App","timestamp":"2016-05-18T08:57:47.166Z"}
{"level":"info","message":"Successfully logged in to Remita App","timestamp":"2016-05-18T09:04:28.557Z"}
{"level":"info","message":"Successfully logged in to Remita App","timestamp":"2016-05-18T09:08:07.936Z"}
{"level":"info","message":"Successfully logged in to Remita App","timestamp":"2016-05-18T09:10:23.037Z"}
{"level":"info","message":"Successfully logged in to Remita App","timestamp":"2016-05-18T09:15:31.467Z"}
{"level":"info","message":"Successfully logged in to Remita App","timestamp":"2016-05-18T09:15:53.173Z"}
{"level":"info","message":"Successfully logged in to Remita App","timestamp":"2016-05-18T09:20:12.168Z"}
{"level":"info","message":"Successfully logged in to Remita App","timestamp":"2016-05-18T11:00:26.990Z"}
{"level":"info","message":"Successfully logged in to Remita App","timestamp":"2016-05-18T11:01:52.352Z"}
{"level":"info","message":"Successfully logged in to Remita App","timestamp":"2016-05-18T11:10:40.896Z"}
{"level":"info","message":"Successfully logged in to Remita App","timestamp":"2016-05-18T11:14:26.005Z"}
{"level":"info","message":"Successfully logged in to Remita App","timestamp":"2016-05-18T11:16:45.530Z"}
{"level":"info","message":"Successfully logged in to Remita App","timestamp":"2016-05-18T11:21:43.707Z"}
{"level":"info","message":"Successfully logged in to Remita App","timestamp":"2016-05-18T11:32:02.676Z"}
{"level":"info","message":"Successfully logged in to Remita App","timestamp":"2016-05-18T11:33:06.368Z"}
{"level":"info","message":"Successfully logged in to Remita App","timestamp":"2016-05-18T11:39:13.098Z"}
{"level":"info","message":"Successfully logged in to Remita App","timestamp":"2016-05-18T11:48:22.233Z"}
{"level":"info","message":"Successfully logged in to Remita App","timestamp":"2016-05-18T11:50:33.976Z"}
{"level":"info","message":"Successfully logged in to Remita App","timestamp":"2016-05-18T11:52:33.897Z"}
{"level":"info","message":"Successfully logged in to Remita App","timestamp":"2016-05-18T12:30:47.665Z"}
{"level":"info","message":"Successfully logged in to Remita App","timestamp":"2016-05-18T13:20:52.929Z"}
{"level":"info","message":"Successfully logged in to Remita App","timestamp":"2016-05-18T14:21:18.069Z"}
{"level":"info","message":"Successfully logged in to Remita App","timestamp":"2016-05-18T14:25:46.633Z"}
{"level":"info","message":"Successfully logged in to Remita App","timestamp":"2016-05-18T14:29:53.529Z"}
{"level":"info","message":"Successfully logged in to Remita App","timestamp":"2016-05-18T14:44:51.034Z"}
{"level":"info","message":"Successfully logged in to Remita App","timestamp":"2016-05-18T14:51:07.306Z"}
{"level":"info","message":"Successfully logged in to Remita App","timestamp":"2016-05-18T15:11:48.320Z"}
{"level":"info","message":"Successfully logged in to Remita App","timestamp":"2016-05-18T15:17:54.259Z"}
{"level":"info","message":"Successfully logged in to Remita App","timestamp":"2016-05-18T15:26:57.068Z"}
{"level":"info","message":"Successfully logged in to Remita App","timestamp":"2016-05-18T15:27:19.882Z"}
{"level":"info","message":"Successfully logged in to Remita App","timestamp":"2016-05-18T15:27:52.057Z"}
{"level":"info","message":"Navigating out of the Window to another Window Tab","timestamp":"2016-05-18T15:33:46.235Z"}
{"level":"info","message":"Moved to the outer tab","timestamp":"2016-05-18T15:33:46.257Z"}
{"level":"info","message":"Successfully logged in to Remita App","timestamp":"2016-05-18T15:36:04.070Z"}
{"level":"info","message":"Successfully logged in to Remita App","timestamp":"2016-05-18T15:41:27.825Z"}
{"level":"info","message":"Successfully logged in to Remita App","timestamp":"2016-05-18T15:45:50.649Z"}
{"level":"info","message":"Successfully logged in to Remita App","timestamp":"2016-05-18T16:28:29.127Z"}
{"level":"info","message":"Successfully logged in to Remita App","timestamp":"2016-05-18T16:30:20.419Z"}
{"level":"info","message":"Successfully logged in to Remita App","timestamp":"2016-05-18T16:33:15.971Z"}
{"level":"info","message":"Successfully logged in to Remita App","timestamp":"2016-05-18T16:41:05.977Z"}
{"level":"info","message":"Successfully logged in to Remita App","timestamp":"2016-05-18T16:41:29.391Z"}
{"level":"info","message":"Successfully logged in to Remita App","timestamp":"2016-05-18T16:44:32.840Z"}
{"level":"info","message":"Successfully logged in to Remita App","timestamp":"2016-05-18T16:46:45.213Z"}
{"level":"info","message":"Navigating out of the Window to another Window Tab","timestamp":"2016-05-18T16:49:16.662Z"}
{"level":"info","message":"Moved to the outer tab","timestamp":"2016-05-18T16:49:16.687Z"}
{"level":"info","message":"Successfully logged in to Remita App","timestamp":"2016-05-18T16:54:47.837Z"}
{"level":"info","message":"Navigating out of the Window to another Window Tab","timestamp":"2016-05-18T16:57:23.521Z"}
{"level":"info","message":"Moved to the outer tab","timestamp":"2016-05-18T16:57:23.542Z"}
{"level":"info","message":"Successfully logged in to Remita App","timestamp":"2016-05-18T16:57:56.779Z"}
{"level":"info","message":"Successfully logged in to Remita App","timestamp":"2016-05-23T15:32:56.548Z"}
